<?xml version="1.0" encoding="UTF-8"?>
<testsuite xmlns:xsi="http://www.w3.org/2001/XMLSchema-instance" xsi:noNamespaceSchemaLocation="https://maven.apache.org/surefire/maven-surefire-plugin/xsd/surefire-test-report.xsd" version="3.0.2" name="co.edu.poli.sw2.DronControladorTest" time="0.443" tests="1" errors="1" skipped="0" failures="0">
  <properties>
[...]
</properties>
  <testcase name="testRegistrarYBuscarDron" classname="co.edu.poli.sw2.DronControladorTest" time="0.423">
    <error message="Error al guardar el dron" type="java.lang.RuntimeException"><![CDATA[java.lang.RuntimeException: Error al guardar el dron
	at co.edu.poli.sw2.Servicio.DronDAOImpl.guardar(DronDAOImpl.java:42)
	at co.edu.poli.sw2.Servicio.DronDAOImpl.guardar(DronDAOImpl.java:19)
	at co.edu.poli.sw2.Controlador.DronControlador.registrarDron(DronControlador.java:42)
	at co.edu.poli.sw2.DronControladorTest.testRegistrarYBuscarDron(DronControladorTest.java:15)
	at java.base/java.lang.reflect.Method.invoke(Method.java:580)
	at java.base/java.util.ArrayList.forEach(ArrayList.java:1596)
	at java.base/java.util.ArrayList.forEach(ArrayList.java:1596)
Caused by: org.postgresql.util.PSQLException: ERROR: llave duplicada viola restricción de unicidad «dron_pkey»
  Detail: Ya existe la llave (id)=(1).
	at org.postgresql.core.v3.QueryExecutorImpl.receiveErrorResponse(QueryExecutorImpl.java:2993)
	at org.postgresql.core.v3.QueryExecutorImpl.processResults(QueryExecutorImpl.java:2656)
	at org.postgresql.core.v3.QueryExecutorImpl.execute(QueryExecutorImpl.java:446)
	at org.postgresql.jdbc.PgStatement.executeInternal(PgStatement.java:533)
	at org.postgresql.jdbc.PgStatement.execute(PgStatement.java:449)
	at org.postgresql.jdbc.PgPreparedStatement.executeWithFlags(PgPreparedStatement.java:197)
	at org.postgresql.jdbc.PgPreparedStatement.executeUpdate(PgPreparedStatement.java:158)
	at co.edu.poli.sw2.Servicio.DronDAOImpl.guardar(DronDAOImpl.java:39)
	... 6 more
]]></error>
    <system-out><![CDATA[Conectando a la base de datos con URL: jdbc:postgresql://localhost:5432/dron_bd
]]></system-out>
  </testcase>
</testsuite>